[(0.800000, SimpleRegressionPipeline({'imputation:strategy': 'mean', 'regressor:random_forest:bootstrap': 'True', 'regressor:random_forest:min_samples_split': 2, 'preprocessor:__choice__': 'no_preprocessing', 'categorical_encoding:__choice__': 'one_hot_encoding', 'regressor:random_forest:max_depth': 'None', 'categorical_encoding:one_hot_encoding:use_minimum_fraction': 'True', 'regressor:random_forest:max_features': 1.0, 'regressor:__choice__': 'random_forest', 'regressor:random_forest:min_samples_leaf': 1, 'categorical_encoding:one_hot_encoding:minimum_fraction': 0.01, 'regressor:random_forest:n_estimators': 100, 'regressor:random_forest:min_weight_fraction_leaf': 0.0, 'regressor:random_forest:criterion': 'mse', 'regressor:random_forest:max_leaf_nodes': 'None', 'regressor:random_forest:min_impurity_decrease': 0.0, 'rescaling:__choice__': 'standardize'},
dataset_properties={
  'sparse': False,
  'multiclass': False,
  'multilabel': False,
  'task': 4,
  'signed': False,
  'target_type': 'regression'})),
(0.080000, SimpleRegressionPipeline({'imputation:strategy': 'median', 'preprocessor:extra_trees_preproc_for_regression:min_samples_leaf': 3, 'regressor:gradient_boosting:min_samples_leaf': 4, 'regressor:gradient_boosting:learning_rate': 0.079065641460262, 'regressor:gradient_boosting:min_impurity_decrease': 0.0, 'regressor:__choice__': 'gradient_boosting', 'regressor:gradient_boosting:subsample': 0.5021545916128084, 'categorical_encoding:one_hot_encoding:minimum_fraction': 0.037517365556440654, 'regressor:gradient_boosting:loss': 'lad', 'preprocessor:extra_trees_preproc_for_regression:min_weight_fraction_leaf': 0.0, 'regressor:gradient_boosting:max_depth': 9, 'preprocessor:extra_trees_preproc_for_regression:bootstrap': 'False', 'categorical_encoding:one_hot_encoding:use_minimum_fraction': 'True', 'regressor:gradient_boosting:max_features': 0.1968267369359546, 'rescaling:__choice__': 'standardize', 'regressor:gradient_boosting:min_weight_fraction_leaf': 0.0, 'preprocessor:extra_trees_preproc_for_regression:min_samples_split': 7, 'preprocessor:extra_trees_preproc_for_regression:n_estimators': 100, 'preprocessor:__choice__': 'extra_trees_preproc_for_regression', 'categorical_encoding:__choice__': 'one_hot_encoding', 'regressor:gradient_boosting:min_samples_split': 4, 'regressor:gradient_boosting:max_leaf_nodes': 'None', 'preprocessor:extra_trees_preproc_for_regression:criterion': 'mse', 'preprocessor:extra_trees_preproc_for_regression:max_features': 0.46186507345482963, 'preprocessor:extra_trees_preproc_for_regression:max_leaf_nodes': 'None', 'regressor:gradient_boosting:n_estimators': 367, 'preprocessor:extra_trees_preproc_for_regression:max_depth': 'None'},
dataset_properties={
  'sparse': False,
  'multiclass': False,
  'multilabel': False,
  'task': 4,
  'signed': False,
  'target_type': 'regression'})),
(0.040000, SimpleRegressionPipeline({'imputation:strategy': 'mean', 'regressor:extra_trees:n_estimators': 100, 'regressor:extra_trees:bootstrap': 'True', 'categorical_encoding:__choice__': 'one_hot_encoding', 'regressor:extra_trees:max_depth': 'None', 'regressor:extra_trees:min_impurity_decrease': 0.0, 'regressor:extra_trees:min_samples_split': 9, 'regressor:extra_trees:min_samples_leaf': 3, 'regressor:__choice__': 'extra_trees', 'regressor:extra_trees:criterion': 'mae', 'regressor:extra_trees:max_leaf_nodes': 'None', 'regressor:extra_trees:max_features': 0.6417723122768458, 'rescaling:__choice__': 'none', 'categorical_encoding:one_hot_encoding:use_minimum_fraction': 'False', 'preprocessor:__choice__': 'no_preprocessing'},
dataset_properties={
  'sparse': False,
  'multiclass': False,
  'multilabel': False,
  'task': 4,
  'signed': False,
  'target_type': 'regression'})),
(0.040000, SimpleRegressionPipeline({'imputation:strategy': 'mean', 'preprocessor:__choice__': 'select_percentile_regression', 'regressor:k_nearest_neighbors:p': 1, 'regressor:k_nearest_neighbors:n_neighbors': 10, 'rescaling:quantile_transformer:output_distribution': 'normal', 'rescaling:quantile_transformer:n_quantiles': 27, 'preprocessor:select_percentile_regression:score_func': 'f_regression', 'regressor:__choice__': 'k_nearest_neighbors', 'categorical_encoding:__choice__': 'one_hot_encoding', 'preprocessor:select_percentile_regression:percentile': 85.03074042077111, 'rescaling:__choice__': 'quantile_transformer', 'categorical_encoding:one_hot_encoding:use_minimum_fraction': 'False', 'regressor:k_nearest_neighbors:weights': 'distance'},
dataset_properties={
  'sparse': False,
  'multiclass': False,
  'multilabel': False,
  'task': 4,
  'signed': False,
  'target_type': 'regression'})),
(0.020000, SimpleRegressionPipeline({'imputation:strategy': 'median', 'preprocessor:extra_trees_preproc_for_regression:min_samples_leaf': 11, 'regressor:gradient_boosting:min_samples_leaf': 3, 'regressor:gradient_boosting:learning_rate': 0.06132376737529181, 'regressor:gradient_boosting:min_impurity_decrease': 0.0, 'regressor:__choice__': 'gradient_boosting', 'regressor:gradient_boosting:subsample': 0.5286729168111636, 'regressor:gradient_boosting:loss': 'lad', 'preprocessor:extra_trees_preproc_for_regression:min_weight_fraction_leaf': 0.0, 'regressor:gradient_boosting:max_depth': 9, 'preprocessor:extra_trees_preproc_for_regression:bootstrap': 'False', 'categorical_encoding:one_hot_encoding:use_minimum_fraction': 'False', 'regressor:gradient_boosting:max_features': 0.3483239492354613, 'rescaling:__choice__': 'standardize', 'regressor:gradient_boosting:min_weight_fraction_leaf': 0.0, 'preprocessor:extra_trees_preproc_for_regression:min_samples_split': 20, 'preprocessor:extra_trees_preproc_for_regression:n_estimators': 100, 'preprocessor:__choice__': 'extra_trees_preproc_for_regression', 'categorical_encoding:__choice__': 'one_hot_encoding', 'regressor:gradient_boosting:min_samples_split': 13, 'regressor:gradient_boosting:max_leaf_nodes': 'None', 'preprocessor:extra_trees_preproc_for_regression:criterion': 'mse', 'preprocessor:extra_trees_preproc_for_regression:max_features': 0.9450774814832307, 'preprocessor:extra_trees_preproc_for_regression:max_leaf_nodes': 'None', 'regressor:gradient_boosting:n_estimators': 214, 'preprocessor:extra_trees_preproc_for_regression:max_depth': 'None'},
dataset_properties={
  'sparse': False,
  'multiclass': False,
  'multilabel': False,
  'task': 4,
  'signed': False,
  'target_type': 'regression'})),
(0.020000, SimpleRegressionPipeline({'imputation:strategy': 'most_frequent', 'regressor:xgradient_boosting:reg_lambda': 2.0966809474212787e-10, 'regressor:xgradient_boosting:subsample': 0.6951346237163026, 'preprocessor:fast_ica:whiten': 'False', 'regressor:xgradient_boosting:colsample_bylevel': 0.5137115461474717, 'regressor:xgradient_boosting:n_estimators': 512, 'regressor:__choice__': 'xgradient_boosting', 'regressor:xgradient_boosting:max_delta_step': 0, 'regressor:xgradient_boosting:reg_alpha': 0.0006509088394229583, 'categorical_encoding:one_hot_encoding:use_minimum_fraction': 'False', 'regressor:xgradient_boosting:max_depth': 7, 'rescaling:__choice__': 'standardize', 'regressor:xgradient_boosting:base_score': 0.5, 'preprocessor:__choice__': 'fast_ica', 'categorical_encoding:__choice__': 'one_hot_encoding', 'regressor:xgradient_boosting:gamma': 0, 'regressor:xgradient_boosting:scale_pos_weight': 1, 'regressor:xgradient_boosting:min_child_weight': 4, 'regressor:xgradient_boosting:colsample_bytree': 0.4343973177962194, 'regressor:xgradient_boosting:booster': 'gbtree', 'preprocessor:fast_ica:fun': 'logcosh', 'preprocessor:fast_ica:algorithm': 'parallel', 'regressor:xgradient_boosting:learning_rate': 0.5005219942034141},
dataset_properties={
  'sparse': False,
  'multiclass': False,
  'multilabel': False,
  'task': 4,
  'signed': False,
  'target_type': 'regression'})),
]
===
R2 score: 0.9152886253087726
MSE score: 97.36354037018478
RMSE score: 9.867296507665348
###
auto-sklearn results:
  Dataset name: superconduct
  Metric: rmse
  Best validation score: 9.886663
  Number of target algorithm runs: 234
  Number of successful target algorithm runs: 107
  Number of crashed target algorithm runs: 6
  Number of target algorithms that exceeded the time limit: 21
  Number of target algorithms that exceeded the memory limit: 100

